<?xml version="1.0" encoding="UTF-8"?>
<!-- Generated by org.testng.reporters.JUnitReportReporter -->
<testsuite hostname="RW-LAP-007" failures="0" tests="1" name="com.Test.Profile_PageTest" time="270.326" errors="0" timestamp="2024-01-16T17:10:59 IST" skipped="0">
  <testcase classname="com.Test.Profile_PageTest" name="Profile_PageTest" time="270.326"/>
  <system-out/>
</testsuite> <!-- com.Test.Profile_PageTest -->
