<?xml version="1.0" encoding="UTF-8"?>
<!-- Generated by org.testng.reporters.JUnitReportReporter -->
<testsuite hostname="RW-LAP-007" failures="0" tests="1" name="com.Test.superhomepagetest" time="195.624" errors="0" timestamp="2024-01-15T15:20:16 IST" skipped="0">
  <testcase classname="com.Test.superhomepagetest" name="superhomepagetest1" time="195.624"/>
  <system-out/>
</testsuite> <!-- com.Test.superhomepagetest -->
